1773577570.657494 client started (43163): version 3.5a, socket /tmp/tmux-1000/default, protocol 8
1773577570.657528 on Linux 6.19.7-200.fc43.x86_64 #1 SMP PREEMPT_DYNAMIC Thu Mar 12 15:50:03 UTC 2026
1773577570.657545 using libevent 2.1.12-stable poll
1773577570.657557 using ncurses 6.5 20250614
1773577570.657595 flags are 0x18010000
1773577570.657616 socket is /tmp/tmux-1000/default
1773577570.657657 trying connect
1773577570.657695 connect failed: Connection refused
1773577570.657714 lock file is /tmp/tmux-1000/default.lock
1773577570.657763 flock succeeded
1773577570.657774 got lock (6)
1773577570.657796 trying connect
1773577570.657815 connect failed: Connection refused
1773577570.658192 add peer 0x5650cf057c90: 7 ((nil))
1773577570.658824 sending message 111 to peer 0x5650cf057c90 (8 bytes)
1773577570.658872 sending message 111 to peer 0x5650cf057c90 (8 bytes)
1773577570.658885 sending message 101 to peer 0x5650cf057c90 (15 bytes)
1773577570.658896 sending message 109 to peer 0x5650cf057c90 (4 bytes)
1773577570.658906 sending message 102 to peer 0x5650cf057c90 (11 bytes)
1773577570.658916 sending message 108 to peer 0x5650cf057c90 (84 bytes)
1773577570.658927 sending message 112 to peer 0x5650cf057c90 (58 bytes)
1773577570.658938 sending message 112 to peer 0x5650cf057c90 (5 bytes)
1773577570.658948 sending message 112 to peer 0x5650cf057c90 (5 bytes)
1773577570.658959 sending message 112 to peer 0x5650cf057c90 (6 bytes)
1773577570.658969 sending message 112 to peer 0x5650cf057c90 (6 bytes)
1773577570.658980 sending message 112 to peer 0x5650cf057c90 (11 bytes)
1773577570.658991 sending message 112 to peer 0x5650cf057c90 (10 bytes)
1773577570.659001 sending message 112 to peer 0x5650cf057c90 (13 bytes)
1773577570.659013 sending message 112 to peer 0x5650cf057c90 (14 bytes)
1773577570.659023 sending message 112 to peer 0x5650cf057c90 (19 bytes)
1773577570.659034 sending message 112 to peer 0x5650cf057c90 (11 bytes)
1773577570.659045 sending message 112 to peer 0x5650cf057c90 (10 bytes)
1773577570.659055 sending message 112 to peer 0x5650cf057c90 (15 bytes)
1773577570.659066 sending message 112 to peer 0x5650cf057c90 (21 bytes)
1773577570.659077 sending message 112 to peer 0x5650cf057c90 (13 bytes)
1773577570.659087 sending message 112 to peer 0x5650cf057c90 (7 bytes)
1773577570.659098 sending message 112 to peer 0x5650cf057c90 (13 bytes)
1773577570.659126 sending message 112 to peer 0x5650cf057c90 (7 bytes)
1773577570.659136 sending message 112 to peer 0x5650cf057c90 (13 bytes)
1773577570.659147 sending message 112 to peer 0x5650cf057c90 (9 bytes)
1773577570.659158 sending message 112 to peer 0x5650cf057c90 (21 bytes)
1773577570.659168 sending message 112 to peer 0x5650cf057c90 (13 bytes)
1773577570.659180 sending message 112 to peer 0x5650cf057c90 (9 bytes)
1773577570.659190 sending message 112 to peer 0x5650cf057c90 (16 bytes)
1773577570.659202 sending message 112 to peer 0x5650cf057c90 (13 bytes)
1773577570.659214 sending message 112 to peer 0x5650cf057c90 (9 bytes)
1773577570.659226 sending message 112 to peer 0x5650cf057c90 (9 bytes)
1773577570.659238 sending message 112 to peer 0x5650cf057c90 (12 bytes)
1773577570.659248 sending message 112 to peer 0x5650cf057c90 (8 bytes)
1773577570.659259 sending message 112 to peer 0x5650cf057c90 (8 bytes)
1773577570.659269 sending message 112 to peer 0x5650cf057c90 (13 bytes)
1773577570.659280 sending message 112 to peer 0x5650cf057c90 (7 bytes)
1773577570.659291 sending message 112 to peer 0x5650cf057c90 (7 bytes)
1773577570.659301 sending message 112 to peer 0x5650cf057c90 (9 bytes)
1773577570.659313 sending message 112 to peer 0x5650cf057c90 (9 bytes)
1773577570.659325 sending message 112 to peer 0x5650cf057c90 (15 bytes)
1773577570.659335 sending message 112 to peer 0x5650cf057c90 (13 bytes)
1773577570.659346 sending message 112 to peer 0x5650cf057c90 (12 bytes)
1773577570.659356 sending message 112 to peer 0x5650cf057c90 (8 bytes)
1773577570.659367 sending message 112 to peer 0x5650cf057c90 (14 bytes)
1773577570.659377 sending message 112 to peer 0x5650cf057c90 (11 bytes)
1773577570.659400 sending message 112 to peer 0x5650cf057c90 (9 bytes)
1773577570.659417 sending message 112 to peer 0x5650cf057c90 (10 bytes)
1773577570.659428 sending message 112 to peer 0x5650cf057c90 (10 bytes)
1773577570.659438 sending message 112 to peer 0x5650cf057c90 (10 bytes)
1773577570.659449 sending message 112 to peer 0x5650cf057c90 (10 bytes)
1773577570.659460 sending message 112 to peer 0x5650cf057c90 (11 bytes)
1773577570.659470 sending message 112 to peer 0x5650cf057c90 (12 bytes)
1773577570.659481 sending message 112 to peer 0x5650cf057c90 (12 bytes)
1773577570.659492 sending message 112 to peer 0x5650cf057c90 (12 bytes)
1773577570.659504 sending message 112 to peer 0x5650cf057c90 (12 bytes)
1773577570.659513 sending message 112 to peer 0x5650cf057c90 (12 bytes)
1773577570.659524 sending message 112 to peer 0x5650cf057c90 (11 bytes)
1773577570.659535 sending message 112 to peer 0x5650cf057c90 (11 bytes)
1773577570.659546 sending message 112 to peer 0x5650cf057c90 (12 bytes)
1773577570.659557 sending message 112 to peer 0x5650cf057c90 (12 bytes)
1773577570.659568 sending message 112 to peer 0x5650cf057c90 (12 bytes)
1773577570.659578 sending message 112 to peer 0x5650cf057c90 (12 bytes)
1773577570.659589 sending message 112 to peer 0x5650cf057c90 (12 bytes)
1773577570.659601 sending message 112 to peer 0x5650cf057c90 (9 bytes)
1773577570.659612 sending message 112 to peer 0x5650cf057c90 (12 bytes)
1773577570.659622 sending message 112 to peer 0x5650cf057c90 (13 bytes)
1773577570.659633 sending message 112 to peer 0x5650cf057c90 (13 bytes)
1773577570.659643 sending message 112 to peer 0x5650cf057c90 (13 bytes)
1773577570.659653 sending message 112 to peer 0x5650cf057c90 (13 bytes)
1773577570.659664 sending message 112 to peer 0x5650cf057c90 (13 bytes)
1773577570.659674 sending message 112 to peer 0x5650cf057c90 (8 bytes)
1773577570.659685 sending message 112 to peer 0x5650cf057c90 (11 bytes)
1773577570.659696 sending message 112 to peer 0x5650cf057c90 (11 bytes)
1773577570.659706 sending message 112 to peer 0x5650cf057c90 (11 bytes)
1773577570.659716 sending message 112 to peer 0x5650cf057c90 (12 bytes)
1773577570.659727 sending message 112 to peer 0x5650cf057c90 (12 bytes)
1773577570.659737 sending message 112 to peer 0x5650cf057c90 (12 bytes)
1773577570.659747 sending message 112 to peer 0x5650cf057c90 (12 bytes)
1773577570.659757 sending message 112 to peer 0x5650cf057c90 (13 bytes)
1773577570.659768 sending message 112 to peer 0x5650cf057c90 (13 bytes)
1773577570.659779 sending message 112 to peer 0x5650cf057c90 (13 bytes)
1773577570.659790 sending message 112 to peer 0x5650cf057c90 (8 bytes)
1773577570.659800 sending message 112 to peer 0x5650cf057c90 (13 bytes)
1773577570.659810 sending message 112 to peer 0x5650cf057c90 (13 bytes)
1773577570.659820 sending message 112 to peer 0x5650cf057c90 (13 bytes)
1773577570.659831 sending message 112 to peer 0x5650cf057c90 (13 bytes)
1773577570.659841 sending message 112 to peer 0x5650cf057c90 (13 bytes)
1773577570.659851 sending message 112 to peer 0x5650cf057c90 (12 bytes)
1773577570.659862 sending message 112 to peer 0x5650cf057c90 (12 bytes)
1773577570.659873 sending message 112 to peer 0x5650cf057c90 (12 bytes)
1773577570.659884 sending message 112 to peer 0x5650cf057c90 (12 bytes)
1773577570.659895 sending message 112 to peer 0x5650cf057c90 (13 bytes)
1773577570.659905 sending message 112 to peer 0x5650cf057c90 (8 bytes)
1773577570.659916 sending message 112 to peer 0x5650cf057c90 (13 bytes)
1773577570.659927 sending message 112 to peer 0x5650cf057c90 (13 bytes)
1773577570.659940 sending message 112 to peer 0x5650cf057c90 (13 bytes)
1773577570.659950 sending message 112 to peer 0x5650cf057c90 (13 bytes)
1773577570.659962 sending message 112 to peer 0x5650cf057c90 (13 bytes)
1773577570.659972 sending message 112 to peer 0x5650cf057c90 (13 bytes)
1773577570.659983 sending message 112 to peer 0x5650cf057c90 (13 bytes)
1773577570.659993 sending message 112 to peer 0x5650cf057c90 (12 bytes)
1773577570.660004 sending message 112 to peer 0x5650cf057c90 (12 bytes)
1773577570.660021 sending message 112 to peer 0x5650cf057c90 (12 bytes)
1773577570.660035 sending message 112 to peer 0x5650cf057c90 (8 bytes)
1773577570.660045 sending message 112 to peer 0x5650cf057c90 (12 bytes)
1773577570.660056 sending message 112 to peer 0x5650cf057c90 (13 bytes)
1773577570.660067 sending message 112 to peer 0x5650cf057c90 (13 bytes)
1773577570.660077 sending message 112 to peer 0x5650cf057c90 (13 bytes)
1773577570.660088 sending message 112 to peer 0x5650cf057c90 (13 bytes)
1773577570.660098 sending message 112 to peer 0x5650cf057c90 (13 bytes)
1773577570.660123 sending message 112 to peer 0x5650cf057c90 (13 bytes)
1773577570.660134 sending message 112 to peer 0x5650cf057c90 (13 bytes)
1773577570.660145 sending message 112 to peer 0x5650cf057c90 (13 bytes)
1773577570.660157 sending message 112 to peer 0x5650cf057c90 (12 bytes)
1773577570.660168 sending message 112 to peer 0x5650cf057c90 (10 bytes)
1773577570.660179 sending message 112 to peer 0x5650cf057c90 (12 bytes)
1773577570.660190 sending message 112 to peer 0x5650cf057c90 (12 bytes)
1773577570.660201 sending message 112 to peer 0x5650cf057c90 (12 bytes)
1773577570.660211 sending message 112 to peer 0x5650cf057c90 (13 bytes)
1773577570.660222 sending message 112 to peer 0x5650cf057c90 (13 bytes)
1773577570.660232 sending message 112 to peer 0x5650cf057c90 (13 bytes)
1773577570.660243 sending message 112 to peer 0x5650cf057c90 (13 bytes)
1773577570.660254 sending message 112 to peer 0x5650cf057c90 (13 bytes)
1773577570.660265 sending message 112 to peer 0x5650cf057c90 (13 bytes)
1773577570.660276 sending message 112 to peer 0x5650cf057c90 (13 bytes)
1773577570.660287 sending message 112 to peer 0x5650cf057c90 (10 bytes)
1773577570.660297 sending message 112 to peer 0x5650cf057c90 (13 bytes)
1773577570.660308 sending message 112 to peer 0x5650cf057c90 (12 bytes)
1773577570.660319 sending message 112 to peer 0x5650cf057c90 (12 bytes)
1773577570.660330 sending message 112 to peer 0x5650cf057c90 (12 bytes)
1773577570.660341 sending message 112 to peer 0x5650cf057c90 (10 bytes)
1773577570.660352 sending message 112 to peer 0x5650cf057c90 (10 bytes)
1773577570.660362 sending message 112 to peer 0x5650cf057c90 (10 bytes)
1773577570.660373 sending message 112 to peer 0x5650cf057c90 (12 bytes)
1773577570.660384 sending message 112 to peer 0x5650cf057c90 (13 bytes)
1773577570.660395 sending message 112 to peer 0x5650cf057c90 (13 bytes)
1773577570.660406 sending message 112 to peer 0x5650cf057c90 (13 bytes)
1773577570.660416 sending message 112 to peer 0x5650cf057c90 (13 bytes)
1773577570.660427 sending message 112 to peer 0x5650cf057c90 (13 bytes)
1773577570.660437 sending message 112 to peer 0x5650cf057c90 (10 bytes)
1773577570.660447 sending message 112 to peer 0x5650cf057c90 (11 bytes)
1773577570.660458 sending message 112 to peer 0x5650cf057c90 (12 bytes)
1773577570.660468 sending message 112 to peer 0x5650cf057c90 (12 bytes)
1773577570.660478 sending message 112 to peer 0x5650cf057c90 (12 bytes)
1773577570.660489 sending message 112 to peer 0x5650cf057c90 (12 bytes)
1773577570.660501 sending message 112 to peer 0x5650cf057c90 (12 bytes)
1773577570.660513 sending message 112 to peer 0x5650cf057c90 (11 bytes)
1773577570.660522 sending message 112 to peer 0x5650cf057c90 (12 bytes)
1773577570.660532 sending message 112 to peer 0x5650cf057c90 (12 bytes)
1773577570.660543 sending message 112 to peer 0x5650cf057c90 (13 bytes)
1773577570.660554 sending message 112 to peer 0x5650cf057c90 (13 bytes)
1773577570.660565 sending message 112 to peer 0x5650cf057c90 (13 bytes)
1773577570.660575 sending message 112 to peer 0x5650cf057c90 (13 bytes)
1773577570.660586 sending message 112 to peer 0x5650cf057c90 (13 bytes)
1773577570.660596 sending message 112 to peer 0x5650cf057c90 (10 bytes)
1773577570.660607 sending message 112 to peer 0x5650cf057c90 (9 bytes)
1773577570.660618 sending message 112 to peer 0x5650cf057c90 (12 bytes)
1773577570.660629 sending message 112 to peer 0x5650cf057c90 (13 bytes)
1773577570.660639 sending message 112 to peer 0x5650cf057c90 (13 bytes)
1773577570.660657 sending message 112 to peer 0x5650cf057c90 (13 bytes)
1773577570.660670 sending message 112 to peer 0x5650cf057c90 (13 bytes)
1773577570.660681 sending message 112 to peer 0x5650cf057c90 (13 bytes)
1773577570.660691 sending message 112 to peer 0x5650cf057c90 (9 bytes)
1773577570.660702 sending message 112 to peer 0x5650cf057c90 (12 bytes)
1773577570.660713 sending message 112 to peer 0x5650cf057c90 (13 bytes)
1773577570.660724 sending message 112 to peer 0x5650cf057c90 (13 bytes)
1773577570.660735 sending message 112 to peer 0x5650cf057c90 (13 bytes)
1773577570.660745 sending message 112 to peer 0x5650cf057c90 (13 bytes)
1773577570.660756 sending message 112 to peer 0x5650cf057c90 (13 bytes)
1773577570.660767 sending message 112 to peer 0x5650cf057c90 (11 bytes)
1773577570.660779 sending message 112 to peer 0x5650cf057c90 (12 bytes)
1773577570.660790 sending message 112 to peer 0x5650cf057c90 (13 bytes)
1773577570.660800 sending message 112 to peer 0x5650cf057c90 (13 bytes)
1773577570.660811 sending message 112 to peer 0x5650cf057c90 (13 bytes)
1773577570.660822 sending message 112 to peer 0x5650cf057c90 (13 bytes)
1773577570.660833 sending message 112 to peer 0x5650cf057c90 (13 bytes)
1773577570.660843 sending message 112 to peer 0x5650cf057c90 (11 bytes)
1773577570.660855 sending message 112 to peer 0x5650cf057c90 (12 bytes)
1773577570.660865 sending message 112 to peer 0x5650cf057c90 (12 bytes)
1773577570.660876 sending message 112 to peer 0x5650cf057c90 (12 bytes)
1773577570.660887 sending message 112 to peer 0x5650cf057c90 (12 bytes)
1773577570.660898 sending message 112 to peer 0x5650cf057c90 (12 bytes)
1773577570.660909 sending message 112 to peer 0x5650cf057c90 (21 bytes)
1773577570.660919 sending message 112 to peer 0x5650cf057c90 (12 bytes)
1773577570.660930 sending message 112 to peer 0x5650cf057c90 (9 bytes)
1773577570.660941 sending message 112 to peer 0x5650cf057c90 (6 bytes)
1773577570.660951 sending message 112 to peer 0x5650cf057c90 (13 bytes)
1773577570.660964 sending message 112 to peer 0x5650cf057c90 (10 bytes)
1773577570.660974 sending message 112 to peer 0x5650cf057c90 (24 bytes)
1773577570.660985 sending message 112 to peer 0x5650cf057c90 (13 bytes)
1773577570.660995 sending message 112 to peer 0x5650cf057c90 (9 bytes)
1773577570.661006 sending message 112 to peer 0x5650cf057c90 (70 bytes)
1773577570.661017 sending message 112 to peer 0x5650cf057c90 (69 bytes)
1773577570.661028 sending message 112 to peer 0x5650cf057c90 (12 bytes)
1773577570.661038 sending message 112 to peer 0x5650cf057c90 (10 bytes)
1773577570.661049 sending message 112 to peer 0x5650cf057c90 (10 bytes)
1773577570.661059 sending message 112 to peer 0x5650cf057c90 (24 bytes)
1773577570.661070 sending message 112 to peer 0x5650cf057c90 (13 bytes)
1773577570.661080 sending message 112 to peer 0x5650cf057c90 (10 bytes)
1773577570.661091 sending message 112 to peer 0x5650cf057c90 (10 bytes)
1773577570.661101 sending message 112 to peer 0x5650cf057c90 (10 bytes)
1773577570.661125 sending message 112 to peer 0x5650cf057c90 (13 bytes)
1773577570.661135 sending message 112 to peer 0x5650cf057c90 (15 bytes)
1773577570.661146 sending message 112 to peer 0x5650cf057c90 (5 bytes)
1773577570.661160 sending message 104 to peer 0x5650cf057c90 (0 bytes)
1773577570.661173 sending message 110 to peer 0x5650cf057c90 (0 bytes)
1773577570.661189 sending message 107 to peer 0x5650cf057c90 (4 bytes)
1773577570.661200 sending message 105 to peer 0x5650cf057c90 (25 bytes)
1773577570.661211 sending message 105 to peer 0x5650cf057c90 (24 bytes)
1773577570.661221 sending message 105 to peer 0x5650cf057c90 (140 bytes)
1773577570.661233 sending message 105 to peer 0x5650cf057c90 (28 bytes)
1773577570.661243 sending message 105 to peer 0x5650cf057c90 (23 bytes)
1773577570.661254 sending message 105 to peer 0x5650cf057c90 (23 bytes)
1773577570.661265 sending message 105 to peer 0x5650cf057c90 (23 bytes)
1773577570.661278 sending message 105 to peer 0x5650cf057c90 (46 bytes)
1773577570.661289 sending message 105 to peer 0x5650cf057c90 (14 bytes)
1773577570.661307 sending message 105 to peer 0x5650cf057c90 (23 bytes)
1773577570.661321 sending message 105 to peer 0x5650cf057c90 (88 bytes)
1773577570.661331 sending message 105 to peer 0x5650cf057c90 (21 bytes)
1773577570.661342 sending message 105 to peer 0x5650cf057c90 (73 bytes)
1773577570.661358 sending message 105 to peer 0x5650cf057c90 (23 bytes)
1773577570.661374 sending message 105 to peer 0x5650cf057c90 (22 bytes)
1773577570.661390 sending message 105 to peer 0x5650cf057c90 (16 bytes)
1773577570.661404 sending message 105 to peer 0x5650cf057c90 (24 bytes)
1773577570.661423 sending message 105 to peer 0x5650cf057c90 (36 bytes)
1773577570.661438 sending message 105 to peer 0x5650cf057c90 (19 bytes)
1773577570.661453 sending message 105 to peer 0x5650cf057c90 (22 bytes)
1773577570.661467 sending message 105 to peer 0x5650cf057c90 (33 bytes)
1773577570.661481 sending message 105 to peer 0x5650cf057c90 (76 bytes)
1773577570.661496 sending message 105 to peer 0x5650cf057c90 (39 bytes)
1773577570.661513 sending message 105 to peer 0x5650cf057c90 (15 bytes)
1773577570.661534 sending message 105 to peer 0x5650cf057c90 (30 bytes)
1773577570.661548 sending message 105 to peer 0x5650cf057c90 (22 bytes)
1773577570.661563 sending message 105 to peer 0x5650cf057c90 (58 bytes)
1773577570.661578 sending message 105 to peer 0x5650cf057c90 (20 bytes)
1773577570.661593 sending message 105 to peer 0x5650cf057c90 (26 bytes)
1773577570.661606 sending message 105 to peer 0x5650cf057c90 (23 bytes)
1773577570.661622 sending message 105 to peer 0x5650cf057c90 (20 bytes)
1773577570.661637 sending message 105 to peer 0x5650cf057c90 (40 bytes)
1773577570.661651 sending message 105 to peer 0x5650cf057c90 (33 bytes)
1773577570.661665 sending message 105 to peer 0x5650cf057c90 (53 bytes)
1773577570.661680 sending message 105 to peer 0x5650cf057c90 (16 bytes)
1773577570.661696 sending message 105 to peer 0x5650cf057c90 (24 bytes)
1773577570.661711 sending message 105 to peer 0x5650cf057c90 (24 bytes)
1773577570.661725 sending message 105 to peer 0x5650cf057c90 (35 bytes)
1773577570.661739 sending message 105 to peer 0x5650cf057c90 (20 bytes)
1773577570.661753 sending message 105 to peer 0x5650cf057c90 (47 bytes)
1773577570.661768 sending message 105 to peer 0x5650cf057c90 (11 bytes)
1773577570.661783 sending message 105 to peer 0x5650cf057c90 (27 bytes)
1773577570.661797 sending message 105 to peer 0x5650cf057c90 (33 bytes)
1773577570.661811 sending message 105 to peer 0x5650cf057c90 (8 bytes)
1773577570.661824 sending message 105 to peer 0x5650cf057c90 (20 bytes)
1773577570.661838 sending message 105 to peer 0x5650cf057c90 (31 bytes)
1773577570.661853 sending message 105 to peer 0x5650cf057c90 (20 bytes)
1773577570.661868 sending message 105 to peer 0x5650cf057c90 (25 bytes)
1773577570.661889 sending message 105 to peer 0x5650cf057c90 (55 bytes)
1773577570.661907 sending message 105 to peer 0x5650cf057c90 (21 bytes)
1773577570.661922 sending message 105 to peer 0x5650cf057c90 (31 bytes)
1773577570.661938 sending message 105 to peer 0x5650cf057c90 (20 bytes)
1773577570.661955 sending message 105 to peer 0x5650cf057c90 (51 bytes)
1773577570.661970 sending message 105 to peer 0x5650cf057c90 (122 bytes)
1773577570.661986 sending message 105 to peer 0x5650cf057c90 (80 bytes)
1773577570.662001 sending message 105 to peer 0x5650cf057c90 (13 bytes)
1773577570.662015 sending message 105 to peer 0x5650cf057c90 (107 bytes)
1773577570.662029 sending message 105 to peer 0x5650cf057c90 (11 bytes)
1773577570.662043 sending message 105 to peer 0x5650cf057c90 (11 bytes)
1773577570.662058 sending message 105 to peer 0x5650cf057c90 (44 bytes)
1773577570.662071 sending message 105 to peer 0x5650cf057c90 (15 bytes)
1773577570.662085 sending message 105 to peer 0x5650cf057c90 (52 bytes)
1773577570.662098 sending message 105 to peer 0x5650cf057c90 (18 bytes)
1773577570.662127 sending message 105 to peer 0x5650cf057c90 (27 bytes)
1773577570.662140 sending message 105 to peer 0x5650cf057c90 (50 bytes)
1773577570.662158 sending message 105 to peer 0x5650cf057c90 (50 bytes)
1773577570.662203 sending message 105 to peer 0x5650cf057c90 (29 bytes)
1773577570.662235 sending message 105 to peer 0x5650cf057c90 (17 bytes)
1773577570.662253 sending message 105 to peer 0x5650cf057c90 (23 bytes)
1773577570.662270 sending message 105 to peer 0x5650cf057c90 (78 bytes)
1773577570.662286 sending message 105 to peer 0x5650cf057c90 (16 bytes)
1773577570.662303 sending message 105 to peer 0x5650cf057c90 (23 bytes)
1773577570.662320 sending message 105 to peer 0x5650cf057c90 (25 bytes)
1773577570.662337 sending message 105 to peer 0x5650cf057c90 (15 bytes)
1773577570.662354 sending message 105 to peer 0x5650cf057c90 (28 bytes)
1773577570.662375 sending message 105 to peer 0x5650cf057c90 (20 bytes)
1773577570.662396 sending message 105 to peer 0x5650cf057c90 (17 bytes)
1773577570.662415 sending message 105 to peer 0x5650cf057c90 (54 bytes)
1773577570.662434 sending message 105 to peer 0x5650cf057c90 (24 bytes)
1773577570.662451 sending message 105 to peer 0x5650cf057c90 (13 bytes)
1773577570.662468 sending message 105 to peer 0x5650cf057c90 (24 bytes)
1773577570.662484 sending message 105 to peer 0x5650cf057c90 (13 bytes)
1773577570.662502 sending message 105 to peer 0x5650cf057c90 (43 bytes)
1773577570.662518 sending message 105 to peer 0x5650cf057c90 (25 bytes)
1773577570.662536 sending message 105 to peer 0x5650cf057c90 (23 bytes)
1773577570.662553 sending message 105 to peer 0x5650cf057c90 (21 bytes)
1773577570.662569 sending message 105 to peer 0x5650cf057c90 (24 bytes)
1773577570.662586 sending message 105 to peer 0x5650cf057c90 (28 bytes)
1773577570.662604 sending message 105 to peer 0x5650cf057c90 (77 bytes)
1773577570.662622 sending message 105 to peer 0x5650cf057c90 (22 bytes)
1773577570.662646 sending message 105 to peer 0x5650cf057c90 (29 bytes)
1773577570.662665 sending message 106 to peer 0x5650cf057c90 (0 bytes)
1773577570.662805 sending message 200 to peer 0x5650cf057c90 (4 bytes)
1773577570.662831 client loop enter
1773577570.662869 client_signal: Child exited
1773577570.873463 peer 0x5650cf057c90 message 207
1773577570.873489 sending message 208 to peer 0x5650cf057c90 (0 bytes)
